have_library: checking for -lstdc++... -------------------- yes

"gcc -o conftest -I/nix/store/yfbi30xd53mnsh4ax1zppmr5bsr2r669-ruby-3.0.4/include/ruby-3.0.0/x86_64-linux -I/nix/store/yfbi30xd53mnsh4ax1zppmr5bsr2r669-ruby-3.0.4/include/ruby-3.0.0/ruby/backward -I/nix/store/yfbi30xd53mnsh4ax1zppmr5bsr2r669-ruby-3.0.4/include/ruby-3.0.0 -I.    -O3 -fPIC conftest.c  -L. -L/nix/store/yfbi30xd53mnsh4ax1zppmr5bsr2r669-ruby-3.0.4/lib -Wl,-rpath,/nix/store/yfbi30xd53mnsh4ax1zppmr5bsr2r669-ruby-3.0.4/lib -L. -fstack-protector-strong -rdynamic -Wl,-export-dynamic -Wl,--no-as-needed     -Wl,-rpath,/nix/store/yfbi30xd53mnsh4ax1zppmr5bsr2r669-ruby-3.0.4/lib -L/nix/store/yfbi30xd53mnsh4ax1zppmr5bsr2r669-ruby-3.0.4/lib -lruby-3.0.4  -lm   -lc"
checked program was:
/* begin */
1: #include "ruby.h"
2: 
3: int main(int argc, char **argv)
4: {
5:   return !!argv[argc];
6: }
/* end */

"gcc -o conftest -I/nix/store/yfbi30xd53mnsh4ax1zppmr5bsr2r669-ruby-3.0.4/include/ruby-3.0.0/x86_64-linux -I/nix/store/yfbi30xd53mnsh4ax1zppmr5bsr2r669-ruby-3.0.4/include/ruby-3.0.0/ruby/backward -I/nix/store/yfbi30xd53mnsh4ax1zppmr5bsr2r669-ruby-3.0.4/include/ruby-3.0.0 -I.    -O3 -fPIC conftest.c  -L. -L/nix/store/yfbi30xd53mnsh4ax1zppmr5bsr2r669-ruby-3.0.4/lib -Wl,-rpath,/nix/store/yfbi30xd53mnsh4ax1zppmr5bsr2r669-ruby-3.0.4/lib -L. -fstack-protector-strong -rdynamic -Wl,-export-dynamic -Wl,--no-as-needed     -Wl,-rpath,/nix/store/yfbi30xd53mnsh4ax1zppmr5bsr2r669-ruby-3.0.4/lib -L/nix/store/yfbi30xd53mnsh4ax1zppmr5bsr2r669-ruby-3.0.4/lib -lruby-3.0.4 -lstdc++  -lm   -lc"
checked program was:
/* begin */
 1: #include "ruby.h"
 2: 
 3: /*top*/
 4: extern int t(void);
 5: int main(int argc, char **argv)
 6: {
 7:   if (argc > 1000000) {
 8:     int (* volatile tp)(void)=(int (*)(void))&t;
 9:     printf("%d", (*tp)());
10:   }
11: 
12:   return !!argv[argc];
13: }
14: 
15: int t(void) { ; return 0; }
/* end */

--------------------

